#-----------------------------------------------------------
# Vivado v2018.2 (64-bit)
# SW Build 2258646 on Thu Jun 14 20:03:12 MDT 2018
# IP Build 2256618 on Thu Jun 14 22:10:49 MDT 2018
# Start of session at: Thu Mar 27 23:47:50 2025
# Process ID: 33072
# Current directory: C:/Users/Matebook 14/Downloads/final/final
# Command line: vivado.exe -gui_launcher_event rodinguilauncherevent11360 C:\Users\Matebook 14\Downloads\final\final\top.xpr
# Log file: C:/Users/Matebook 14/Downloads/final/final/vivado.log
# Journal file: C:/Users/Matebook 14/Downloads/final/final\vivado.jou
#-----------------------------------------------------------
start_gui
open_project {C:/Users/Matebook 14/Downloads/final/final/top.xpr}
INFO: [Project 1-313] Project file moved from 'D:/FYP/final' since last save.
Scanning sources...
Finished scanning sources
INFO: [IP_Flow 19-234] Refreshing IP repositories
INFO: [IP_Flow 19-1704] No user IP repositories specified
INFO: [IP_Flow 19-2313] Loaded Vivado IP repository 'C:/Xilinx/Vivado/2018.2/data/ip'.
open_project: Time (s): cpu = 00:00:10 ; elapsed = 00:00:11 . Memory (MB): peak = 832.500 ; gain = 105.230
update_compile_order -fileset sources_1
exit
INFO: [Common 17-206] Exiting Vivado at Thu Mar 27 23:55:15 2025...
