INFO: [VRFC 10-2263] Analyzing SystemVerilog file "D:/FYP/final/top.srcs/sources_1/new/Sha3_256.sv" into library xil_defaultlib
INFO: [VRFC 10-311] analyzing module Sha3_256
INFO: [VRFC 10-2263] Analyzing SystemVerilog file "D:/FYP/final/top.srcs/sources_1/new/chi.sv" into library xil_defaultlib
INFO: [VRFC 10-311] analyzing module Chi
INFO: [VRFC 10-2263] Analyzing SystemVerilog file "D:/FYP/final/top.srcs/sources_1/new/fn_top.sv" into library xil_defaultlib
INFO: [VRFC 10-311] analyzing module fn_top
INFO: [VRFC 10-2263] Analyzing SystemVerilog file "D:/FYP/final/top.srcs/sources_1/new/iota.sv" into library xil_defaultlib
INFO: [VRFC 10-311] analyzing module Iota
INFO: [VRFC 10-2263] Analyzing SystemVerilog file "D:/FYP/final/top.srcs/sources_1/new/padding.sv" into library xil_defaultlib
INFO: [VRFC 10-311] analyzing module padding
INFO: [VRFC 10-2263] Analyzing SystemVerilog file "D:/FYP/final/top.srcs/sources_1/new/pi.sv" into library xil_defaultlib
INFO: [VRFC 10-311] analyzing module Pi
INFO: [VRFC 10-2263] Analyzing SystemVerilog file "D:/FYP/final/top.srcs/sources_1/new/rho.sv" into library xil_defaultlib
INFO: [VRFC 10-311] analyzing module Rho
INFO: [VRFC 10-2263] Analyzing SystemVerilog file "D:/FYP/final/top.srcs/sources_1/new/theta.sv" into library xil_defaultlib
INFO: [VRFC 10-311] analyzing module Theta
INFO: [VRFC 10-2263] Analyzing SystemVerilog file "D:/FYP/final/top.srcs/sources_1/new/top.sv" into library xil_defaultlib
INFO: [VRFC 10-311] analyzing module fn
INFO: [VRFC 10-2263] Analyzing SystemVerilog file "D:/FYP/final/top.srcs/sim_1/new/toptb.sv" into library xil_defaultlib
INFO: [VRFC 10-311] analyzing module toptb
