#-----------------------------------------------------------
# Vivado v2018.2 (64-bit)
# SW Build 2258646 on Thu Jun 14 20:03:12 MDT 2018
# IP Build 2256618 on Thu Jun 14 22:10:49 MDT 2018
# Start of session at: Mon Apr 14 02:28:12 2025
# Process ID: 31976
# Current directory: C:/Users/Matebook 14/Downloads/final/final
# Command line: vivado.exe -gui_launcher_event rodinguilauncherevent13364 C:\Users\Matebook 14\Downloads\final\final\top.xpr
# Log file: C:/Users/Matebook 14/Downloads/final/final/vivado.log
# Journal file: C:/Users/Matebook 14/Downloads/final/final\vivado.jou
#-----------------------------------------------------------
start_gui
open_project {C:/Users/Matebook 14/Downloads/final/final/top.xpr}
INFO: [Project 1-313] Project file moved from 'D:/FYP/final' since last save.
CRITICAL WARNING: [Project 1-311] Could not find the file 'C:/Users/Matebook 14/Downloads/final/final/top.srcs/sources_1/new/chi.sv', nor could it be found using path 'D:/FYP/final/top.srcs/sources_1/new/chi.sv'.
CRITICAL WARNING: [Project 1-311] Could not find the file 'C:/Users/Matebook 14/Downloads/final/final/top.srcs/sources_1/new/fn_top.sv', nor could it be found using path 'D:/FYP/final/top.srcs/sources_1/new/fn_top.sv'.
CRITICAL WARNING: [Project 1-311] Could not find the file 'C:/Users/Matebook 14/Downloads/final/final/top.srcs/sources_1/new/iota.sv', nor could it be found using path 'D:/FYP/final/top.srcs/sources_1/new/iota.sv'.
CRITICAL WARNING: [Project 1-311] Could not find the file 'C:/Users/Matebook 14/Downloads/final/final/top.srcs/sources_1/new/padding.sv', nor could it be found using path 'D:/FYP/final/top.srcs/sources_1/new/padding.sv'.
CRITICAL WARNING: [Project 1-311] Could not find the file 'C:/Users/Matebook 14/Downloads/final/final/top.srcs/sources_1/new/pi.sv', nor could it be found using path 'D:/FYP/final/top.srcs/sources_1/new/pi.sv'.
CRITICAL WARNING: [Project 1-311] Could not find the file 'C:/Users/Matebook 14/Downloads/final/final/top.srcs/sources_1/new/rho.sv', nor could it be found using path 'D:/FYP/final/top.srcs/sources_1/new/rho.sv'.
CRITICAL WARNING: [Project 1-311] Could not find the file 'C:/Users/Matebook 14/Downloads/final/final/top.srcs/sources_1/new/theta.sv', nor could it be found using path 'D:/FYP/final/top.srcs/sources_1/new/theta.sv'.
CRITICAL WARNING: [Project 1-311] Could not find the file 'C:/Users/Matebook 14/Downloads/final/final/top.srcs/sources_1/new/top.sv', nor could it be found using path 'D:/FYP/final/top.srcs/sources_1/new/top.sv'.
CRITICAL WARNING: [Project 1-311] Could not find the file 'C:/Users/Matebook 14/Downloads/final/final/top.srcs/sources_1/new/topp.sv', nor could it be found using path 'D:/FYP/final/top.srcs/sources_1/new/topp.sv'.
Scanning sources...
Finished scanning sources
INFO: [IP_Flow 19-234] Refreshing IP repositories
INFO: [IP_Flow 19-1704] No user IP repositories specified
INFO: [IP_Flow 19-2313] Loaded Vivado IP repository 'C:/Xilinx/Vivado/2018.2/data/ip'.
open_project: Time (s): cpu = 00:00:22 ; elapsed = 00:00:19 . Memory (MB): peak = 864.906 ; gain = 162.738
update_coexit
INFO: [Common 17-206] Exiting Vivado at Mon Apr 14 02:29:05 2025...
at Mon Apr 14 02:28:57 2025...
